<?xml version="1.0" encoding="UTF-8"?>
<!-- Generated by org.testng.reporters.JUnitReportReporter -->
<testsuite hostname="TRACKER" failures="0" tests="2" name="testNGparallelExecution.TestNG3" time="0.011" errors="0" timestamp="2023-01-23T14:01:32 IST" skipped="0">
  <testcase classname="testNGparallelExecution.TestNG3" name="method2" time="0.001"/>
  <system-out>
    <![CDATA[i am method 2]]>
  </system-out>
  <testcase classname="testNGparallelExecution.TestNG3" name="method1" time="0.010"/>
  <system-out>
    <![CDATA[i am method 1]]>
  </system-out>
</testsuite> <!-- testNGparallelExecution.TestNG3 -->
