<?xml version="1.0" encoding="UTF-8"?>
<!-- Generated by org.testng.reporters.JUnitReportReporter -->
<testsuite hostname="TRACKER" failures="0" tests="3" name="testNGPack2.Flag4" time="0.015" errors="0" timestamp="2023-01-20T14:46:17 IST" skipped="0">
  <testcase classname="testNGPack2.Flag4" name="logingMethod" time="0.011"/>
  <system-out>
    <![CDATA[Login is Done]]>
  </system-out>
  <testcase classname="testNGPack2.Flag4" name="createUser" time="0.003"/>
  <system-out>
    <![CDATA[User Created]]>
  </system-out>
  <testcase classname="testNGPack2.Flag4" name="logoutMethod" time="0.001"/>
  <system-out>
    <![CDATA[Logout Done]]>
  </system-out>
</testsuite> <!-- testNGPack2.Flag4 -->
