<?xml version="1.0" encoding="UTF-8"?>
<!-- Generated by org.testng.reporters.JUnitReportReporter -->
<testsuite hostname="TRACKER" failures="0" tests="3" name="testNGPack.Demo" time="0.015" errors="0" timestamp="2023-01-24T13:50:18 IST" skipped="0">
  <testcase classname="testNGPack.Demo" name="demo" time="0.012"/>
  <system-out>
    <![CDATA[This is Demo Method!]]>
  </system-out>
  <testcase classname="testNGPack.Demo" name="demo1" time="0.001"/>
  <system-out>
    <![CDATA[This is Demo1 Method!!]]>
  </system-out>
  <testcase classname="testNGPack.Demo" name="demo2" time="0.002"/>
  <system-out>
    <![CDATA[This is demo2 method!!!
Result is 34]]>
  </system-out>
</testsuite> <!-- testNGPack.Demo -->
