<?xml version="1.0" encoding="UTF-8"?>
<!-- Generated by org.testng.reporters.JUnitReportReporter -->
<testsuite hostname="TRACKER" failures="0" tests="12" name="testNGPack2.Flag6" time="0.025" errors="0" timestamp="2023-01-21T16:10:00 IST" skipped="0">
  <testcase classname="testNGPack2.Flag6" name="it1" time="0.008"/>
  <system-out>
    <![CDATA[Intergration Testing1]]>
  </system-out>
  <testcase classname="testNGPack2.Flag6" name="it3" time="0.002"/>
  <system-out>
    <![CDATA[Intergration Testing3]]>
  </system-out>
  <testcase classname="testNGPack2.Flag6" name="st1" time="0.003"/>
  <system-out>
    <![CDATA[System Testing1]]>
  </system-out>
  <testcase classname="testNGPack2.Flag6" name="st3" time="0.003"/>
  <system-out>
    <![CDATA[System Testing3]]>
  </system-out>
  <testcase classname="testNGPack2.Flag6" name="st4" time="0.001"/>
  <system-out>
    <![CDATA[System Testing4]]>
  </system-out>
  <testcase classname="testNGPack2.Flag6" name="st5" time="0.002"/>
  <system-out>
    <![CDATA[System Testing5]]>
  </system-out>
  <testcase classname="testNGPack2.Flag6" name="it6" time="0.001"/>
  <system-out>
    <![CDATA[Intergration Testing6]]>
  </system-out>
  <testcase classname="testNGPack2.Flag6" name="it2" time="0.001"/>
  <system-out>
    <![CDATA[Intergration Testing2]]>
  </system-out>
  <testcase classname="testNGPack2.Flag6" name="st6" time="0.001"/>
  <system-out>
    <![CDATA[System Testing6]]>
  </system-out>
  <testcase classname="testNGPack2.Flag6" name="st2" time="0.001"/>
  <system-out>
    <![CDATA[System Testing2]]>
  </system-out>
  <testcase classname="testNGPack2.Flag6" name="it4" time="0.001"/>
  <system-out>
    <![CDATA[Intergration Testing4]]>
  </system-out>
  <testcase classname="testNGPack2.Flag6" name="it5" time="0.001"/>
  <system-out>
    <![CDATA[Intergration Testin5g]]>
  </system-out>
</testsuite> <!-- testNGPack2.Flag6 -->
