<?xml version="1.0" encoding="UTF-8"?>
<!-- Generated by org.testng.reporters.JUnitReportReporter -->
<testsuite hostname="TRACKER" failures="0" tests="1" name="testNGPack2.Class2" time="15.008" errors="0" timestamp="2023-01-20T13:58:57 IST" skipped="0">
  <testcase classname="testNGPack2.Class2" name="java" time="15.008"/>
  <system-out/>
</testsuite> <!-- testNGPack2.Class2 -->
