<?xml version="1.0" encoding="UTF-8"?>
<!-- Generated by org.testng.reporters.JUnitReportReporter -->
<testsuite hostname="TRACKER" failures="0" tests="1" name="testNGPack2.Class3" time="6.333" errors="0" timestamp="2023-01-20T14:25:07 IST" skipped="0">
  <testcase classname="testNGPack2.Class3" name="manual" time="6.333"/>
  <system-out/>
</testsuite> <!-- testNGPack2.Class3 -->
