<?xml version="1.0" encoding="UTF-8"?>
<!-- Generated by org.testng.reporters.JUnitReportReporter -->
<testsuite hostname="TRACKER" failures="0" tests="2" name="testNGparallelExecution.TestNG4" time="0.013" errors="0" timestamp="2023-01-23T14:44:00 IST" skipped="0">
  <testcase classname="testNGparallelExecution.TestNG4" name="today" time="0.012"/>
  <system-out>
    <![CDATA[Today method 18is the thread]]>
  </system-out>
  <testcase classname="testNGparallelExecution.TestNG4" name="tomorrow" time="0.001"/>
  <system-out>
    <![CDATA[Tomorrrow method 18is the thread]]>
  </system-out>
</testsuite> <!-- testNGparallelExecution.TestNG4 -->
