<?xml version="1.0" encoding="UTF-8"?>
<!-- Generated by org.testng.reporters.JUnitReportReporter -->
<testsuite hostname="TRACKER" failures="0" tests="1" name="testNGparallelExecution.TestNG2" time="0.013" errors="0" timestamp="2023-01-23T13:56:22 IST" skipped="0">
  <testcase classname="testNGparallelExecution.TestNG2" name="m2" time="0.013"/>
  <system-out>
    <![CDATA[m2 Method]]>
  </system-out>
</testsuite> <!-- testNGparallelExecution.TestNG2 -->
