<?xml version="1.0" encoding="UTF-8"?>
<!-- Generated by org.testng.reporters.JUnitReportReporter -->
<testsuite hostname="TRACKER" failures="0" tests="1" name="testNGPack2.Class1" time="4.814" errors="0" timestamp="2023-01-20T14:25:07 IST" skipped="0">
  <testcase classname="testNGPack2.Class1" name="sql" time="4.814"/>
  <system-out>
    <![CDATA[method of Class1!!]]>
  </system-out>
</testsuite> <!-- testNGPack2.Class1 -->
