<?xml version="1.0" encoding="UTF-8"?>
<!-- Generated by org.testng.reporters.JUnitReportReporter -->
<testsuite hostname="TRACKER" failures="0" tests="10" name="testNGPack2.Flag3" time="17.140" errors="0" timestamp="2023-01-20T14:35:53 IST" skipped="0">
  <testcase classname="testNGPack2.Flag3" name="flag3" time="2.918"/>
  <system-out/>
  <testcase classname="testNGPack2.Flag3" name="flag3" time="1.628"/>
  <system-out/>
  <testcase classname="testNGPack2.Flag3" name="flag3" time="1.539"/>
  <system-out/>
  <testcase classname="testNGPack2.Flag3" name="flag3" time="1.526"/>
  <system-out/>
  <testcase classname="testNGPack2.Flag3" name="flag3" time="1.618"/>
  <system-out/>
  <testcase classname="testNGPack2.Flag3" name="flag3" time="1.534"/>
  <system-out/>
  <testcase classname="testNGPack2.Flag3" name="flag3" time="1.500"/>
  <system-out/>
  <testcase classname="testNGPack2.Flag3" name="flag3" time="1.579"/>
  <system-out/>
  <testcase classname="testNGPack2.Flag3" name="flag3" time="1.680"/>
  <system-out/>
  <testcase classname="testNGPack2.Flag3" name="flag3" time="1.618"/>
  <system-out/>
</testsuite> <!-- testNGPack2.Flag3 -->
