<?xml version="1.0" encoding="UTF-8"?>
<!-- Generated by org.testng.reporters.JUnitReportReporter -->
<testsuite hostname="TRACKER" failures="0" tests="3" name="testNGPack.Remo" time="0.004" errors="0" timestamp="2023-01-19T15:03:22 IST" skipped="0">
  <testcase classname="testNGPack.Remo" name="remo2" time="0.001"/>
  <system-out>
    <![CDATA[This is Remo2 Method!!!]]>
  </system-out>
  <testcase classname="testNGPack.Remo" name="remo" time="0.002"/>
  <system-out>
    <![CDATA[This is Remo Method!]]>
  </system-out>
  <testcase classname="testNGPack.Remo" name="remo1" time="0.001"/>
  <system-out>
    <![CDATA[This is Remo1 Method!!]]>
  </system-out>
</testsuite> <!-- testNGPack.Remo -->
