<?xml version="1.0" encoding="UTF-8"?>
<!-- Generated by org.testng.reporters.JUnitReportReporter -->
<testsuite hostname="TRACKER" failures="0" tests="3" name="testNGPack.Sumo" time="0.004" errors="0" timestamp="2023-01-19T15:03:22 IST" skipped="0">
  <testcase classname="testNGPack.Sumo" name="sumo" time="0.002"/>
  <system-out>
    <![CDATA[This is Sumo Method!]]>
  </system-out>
  <testcase classname="testNGPack.Sumo" name="sumo1" time="0.001"/>
  <system-out>
    <![CDATA[This is Sumo1 Method!!]]>
  </system-out>
  <testcase classname="testNGPack.Sumo" name="sumo2" time="0.001"/>
  <system-out>
    <![CDATA[This is Sumo2 Method!!!]]>
  </system-out>
</testsuite> <!-- testNGPack.Sumo -->
